00:14:22:334  INFO 27028 --- [nacos-grpc-client-executor-3100] com.alibaba.nacos.common.remote.client   : [58520ff0-483c-448d-9e2e-5d9988f6f340] Receive server push request, request = NotifySubscriberRequest, requestId = 163
00:14:22:402  INFO 27028 --- [nacos-grpc-client-executor-3100] com.alibaba.nacos.common.remote.client   : [58520ff0-483c-448d-9e2e-5d9988f6f340] Ack server push request, request = NotifySubscriberRequest, requestId = 163
00:14:52:393  INFO 27028 --- [nacos-grpc-client-executor-3108] com.alibaba.nacos.common.remote.client   : [58520ff0-483c-448d-9e2e-5d9988f6f340] Receive server push request, request = NotifySubscriberRequest, requestId = 167
00:14:52:399  INFO 27028 --- [nacos-grpc-client-executor-3108] com.alibaba.nacos.common.remote.client   : [58520ff0-483c-448d-9e2e-5d9988f6f340] Ack server push request, request = NotifySubscriberRequest, requestId = 167
00:14:53:419  INFO 27028 --- [nacos-grpc-client-executor-3109] com.alibaba.nacos.common.remote.client   : [58520ff0-483c-448d-9e2e-5d9988f6f340] Receive server push request, request = NotifySubscriberRequest, requestId = 169
00:14:53:423  INFO 27028 --- [nacos-grpc-client-executor-3109] com.alibaba.nacos.common.remote.client   : [58520ff0-483c-448d-9e2e-5d9988f6f340] Ack server push request, request = NotifySubscriberRequest, requestId = 169
00:15:21:954  INFO 27028 --- [nacos-grpc-client-executor-3115] com.alibaba.nacos.common.remote.client   : [58520ff0-483c-448d-9e2e-5d9988f6f340] Receive server push request, request = NotifySubscriberRequest, requestId = 172
00:15:21:958  INFO 27028 --- [nacos-grpc-client-executor-3115] com.alibaba.nacos.common.remote.client   : [58520ff0-483c-448d-9e2e-5d9988f6f340] Ack server push request, request = NotifySubscriberRequest, requestId = 172
00:22:04:452  INFO 27028 --- [nacos-grpc-client-executor-3211] com.alibaba.nacos.common.remote.client   : [58520ff0-483c-448d-9e2e-5d9988f6f340] Receive server push request, request = NotifySubscriberRequest, requestId = 178
00:22:04:452  INFO 27028 --- [nacos-grpc-client-executor-3211] com.alibaba.nacos.common.remote.client   : [58520ff0-483c-448d-9e2e-5d9988f6f340] Ack server push request, request = NotifySubscriberRequest, requestId = 178
00:22:05:094  INFO 27028 --- [nacos-grpc-client-executor-3215] com.alibaba.nacos.common.remote.client   : [58520ff0-483c-448d-9e2e-5d9988f6f340] Receive server push request, request = NotifySubscriberRequest, requestId = 179
00:22:05:101  INFO 27028 --- [nacos-grpc-client-executor-3215] com.alibaba.nacos.common.remote.client   : [58520ff0-483c-448d-9e2e-5d9988f6f340] Ack server push request, request = NotifySubscriberRequest, requestId = 179
00:41:14:608  INFO 27028 --- [nacos-grpc-client-executor-3345] com.alibaba.nacos.common.remote.client   : [58520ff0-483c-448d-9e2e-5d9988f6f340] Receive server push request, request = ClientDetectionRequest, requestId = 187
00:41:14:608  INFO 27028 --- [nacos-grpc-client-executor-3345] com.alibaba.nacos.common.remote.client   : [58520ff0-483c-448d-9e2e-5d9988f6f340] Ack server push request, request = ClientDetectionRequest, requestId = 187
00:41:14:612  INFO 27028 --- [nacos-grpc-client-executor-2670] com.alibaba.nacos.common.remote.client   : [2f995b21-6ca9-4e06-b619-faf16ac93959_config-0] Receive server push request, request = ClientDetectionRequest, requestId = 186
00:41:14:613  INFO 27028 --- [nacos-grpc-client-executor-2670] com.alibaba.nacos.common.remote.client   : [2f995b21-6ca9-4e06-b619-faf16ac93959_config-0] Ack server push request, request = ClientDetectionRequest, requestId = 186
00:47:45:112  INFO 27028 --- [nacos-grpc-client-executor-3472] com.alibaba.nacos.common.remote.client   : [58520ff0-483c-448d-9e2e-5d9988f6f340] Receive server push request, request = NotifySubscriberRequest, requestId = 198
00:47:45:116  INFO 27028 --- [nacos-grpc-client-executor-3472] com.alibaba.nacos.common.remote.client   : [58520ff0-483c-448d-9e2e-5d9988f6f340] Ack server push request, request = NotifySubscriberRequest, requestId = 198
01:00:11:546  INFO 27028 --- [nacos-grpc-client-executor-3684] com.alibaba.nacos.common.remote.client   : [58520ff0-483c-448d-9e2e-5d9988f6f340] Receive server push request, request = NotifySubscriberRequest, requestId = 207
01:00:11:554  INFO 27028 --- [nacos-grpc-client-executor-3684] com.alibaba.nacos.common.remote.client   : [58520ff0-483c-448d-9e2e-5d9988f6f340] Ack server push request, request = NotifySubscriberRequest, requestId = 207
01:02:23:274  INFO 27028 --- [nacos-grpc-client-executor-3720] com.alibaba.nacos.common.remote.client   : [58520ff0-483c-448d-9e2e-5d9988f6f340] Receive server push request, request = NotifySubscriberRequest, requestId = 209
01:02:23:278  INFO 27028 --- [nacos-grpc-client-executor-3720] com.alibaba.nacos.common.remote.client   : [58520ff0-483c-448d-9e2e-5d9988f6f340] Ack server push request, request = NotifySubscriberRequest, requestId = 209
01:02:26:810  INFO 27028 --- [nacos-grpc-client-executor-3721] com.alibaba.nacos.common.remote.client   : [58520ff0-483c-448d-9e2e-5d9988f6f340] Receive server push request, request = NotifySubscriberRequest, requestId = 210
01:02:26:815  INFO 27028 --- [nacos-grpc-client-executor-3721] com.alibaba.nacos.common.remote.client   : [58520ff0-483c-448d-9e2e-5d9988f6f340] Ack server push request, request = NotifySubscriberRequest, requestId = 210
01:02:28:798  WARN 27028 --- [Thread-5] c.a.nacos.common.notify.NotifyCenter     : [NotifyCenter] Start destroying Publisher
01:02:28:798  WARN 27028 --- [Thread-1] c.a.n.common.http.HttpClientBeanHolder   : [HttpClientBeanHolder] Start destroying common HttpClient
01:02:28:801  WARN 27028 --- [Thread-5] c.a.nacos.common.notify.NotifyCenter     : [NotifyCenter] Destruction of the end
01:02:28:803  WARN 27028 --- [Thread-1] c.a.n.common.http.HttpClientBeanHolder   : [HttpClientBeanHolder] Destruction of the end
01:02:28:836  INFO 27028 --- [SpringApplicationShutdownHook] c.a.c.n.registry.NacosServiceRegistry    : De-registering from Nacos Server now...
01:02:28:843  INFO 27028 --- [SpringApplicationShutdownHook] c.a.c.n.registry.NacosServiceRegistry    : De-registration finished.
01:02:29:195  INFO 27028 --- [SpringApplicationShutdownHook] com.alibaba.nacos.common.remote.client   : Shutdown rpc client, set status to shutdown
01:02:29:196  INFO 27028 --- [SpringApplicationShutdownHook] com.alibaba.nacos.common.remote.client   : Shutdown client event executor java.util.concurrent.ScheduledThreadPoolExecutor@2ba1765b[Running, pool size = 2, active threads = 2, queued tasks = 0, completed tasks = 0]
01:02:29:197  INFO 27028 --- [SpringApplicationShutdownHook] com.alibaba.nacos.common.remote.client   : Close current connection 1727788565948_192.168.14.1_55043
01:02:29:219  INFO 27028 --- [SpringApplicationShutdownHook] c.a.n.c.remote.client.grpc.GrpcClient    : Shutdown grpc executor java.util.concurrent.ThreadPoolExecutor@61645424[Running, pool size = 5, active threads = 0, queued tasks = 0, completed tasks = 3724]
01:05:41:514  INFO 10960 --- [main] com.hmall.gateway.GatewayApplication     : The following 1 profile is active: "dev"
01:05:42:701  INFO 10960 --- [main] o.s.cloud.context.scope.GenericScope     : BeanFactory id=f7a1f3fc-8b6f-3294-a68d-9a6f31dd329d
01:05:42:804  INFO 10960 --- [main] trationDelegate$BeanPostProcessorChecker : Bean 'org.springframework.cloud.client.loadbalancer.reactive.LoadBalancerBeanPostProcessorAutoConfiguration' of type [org.springframework.cloud.client.loadbalancer.reactive.LoadBalancerBeanPostProcessorAutoConfiguration] is not eligible for getting processed by all BeanPostProcessors (for example: not eligible for auto-proxying)
01:05:42:805  INFO 10960 --- [main] trationDelegate$BeanPostProcessorChecker : Bean 'org.springframework.cloud.client.loadbalancer.reactive.LoadBalancerBeanPostProcessorAutoConfiguration$ReactorDeferringLoadBalancerFilterConfig' of type [org.springframework.cloud.client.loadbalancer.reactive.LoadBalancerBeanPostProcessorAutoConfiguration$ReactorDeferringLoadBalancerFilterConfig] is not eligible for getting processed by all BeanPostProcessors (for example: not eligible for auto-proxying)
01:05:42:809  INFO 10960 --- [main] trationDelegate$BeanPostProcessorChecker : Bean 'reactorDeferringLoadBalancerExchangeFilterFunction' of type [org.springframework.cloud.client.loadbalancer.reactive.DeferringLoadBalancerExchangeFilterFunction] is not eligible for getting processed by all BeanPostProcessors (for example: not eligible for auto-proxying)
01:05:43:947 DEBUG 10960 --- [main] c.h.gateway.routers.DynamicRouteLoader   : 监听到路由配置信息: [
    {
        "id": "item",
        "predicates": [{
            "name": "Path",
            "args": {"_genkey_0":"/items/**", "_genkey_1":"/search/**"}
        }],
        "filters": [],
        "uri": "lb://item-service"
    },
    {
        "id": "cart",
        "predicates": [{
            "name": "Path",
            "args": {"_genkey_0":"/carts/**"}
        }],
        "filters": [],
        "uri": "lb://cart-service"
    },
    {
        "id": "user",
        "predicates": [{
            "name": "Path",
            "args": {"_genkey_0":"/users/**", "_genkey_1":"/addresses/**"}
        }],
        "filters": [],
        "uri": "lb://user-service"
    },
    {
        "id": "trade",
        "predicates": [{
            "name": "Path",
            "args": {"_genkey_0":"/orders/**"}
        }],
        "filters": [],
        "uri": "lb://trade-service"
    },
    {
        "id": "pay",
        "predicates": [{
            "name": "Path",
            "args": {"_genkey_0":"/pay-orders/**"}
        }],
        "filters": [],
        "uri": "lb://pay-service"
    }
]
01:05:47:305  INFO 10960 --- [main] o.s.c.g.r.RouteDefinitionRouteLocator    : Loaded RoutePredicateFactory [After]
01:05:47:306  INFO 10960 --- [main] o.s.c.g.r.RouteDefinitionRouteLocator    : Loaded RoutePredicateFactory [Before]
01:05:47:306  INFO 10960 --- [main] o.s.c.g.r.RouteDefinitionRouteLocator    : Loaded RoutePredicateFactory [Between]
01:05:47:306  INFO 10960 --- [main] o.s.c.g.r.RouteDefinitionRouteLocator    : Loaded RoutePredicateFactory [Cookie]
01:05:47:307  INFO 10960 --- [main] o.s.c.g.r.RouteDefinitionRouteLocator    : Loaded RoutePredicateFactory [Header]
01:05:47:307  INFO 10960 --- [main] o.s.c.g.r.RouteDefinitionRouteLocator    : Loaded RoutePredicateFactory [Host]
01:05:47:307  INFO 10960 --- [main] o.s.c.g.r.RouteDefinitionRouteLocator    : Loaded RoutePredicateFactory [Method]
01:05:47:308  INFO 10960 --- [main] o.s.c.g.r.RouteDefinitionRouteLocator    : Loaded RoutePredicateFactory [Path]
01:05:47:308  INFO 10960 --- [main] o.s.c.g.r.RouteDefinitionRouteLocator    : Loaded RoutePredicateFactory [Query]
01:05:47:308  INFO 10960 --- [main] o.s.c.g.r.RouteDefinitionRouteLocator    : Loaded RoutePredicateFactory [ReadBody]
01:05:47:308  INFO 10960 --- [main] o.s.c.g.r.RouteDefinitionRouteLocator    : Loaded RoutePredicateFactory [RemoteAddr]
01:05:47:308  INFO 10960 --- [main] o.s.c.g.r.RouteDefinitionRouteLocator    : Loaded RoutePredicateFactory [XForwardedRemoteAddr]
01:05:47:309  INFO 10960 --- [main] o.s.c.g.r.RouteDefinitionRouteLocator    : Loaded RoutePredicateFactory [Weight]
01:05:47:309  INFO 10960 --- [main] o.s.c.g.r.RouteDefinitionRouteLocator    : Loaded RoutePredicateFactory [CloudFoundryRouteService]
01:05:48:853  INFO 10960 --- [main] com.alibaba.nacos.common.remote.client   : [RpcClientFactory] create a new rpc client of 3dae6fc6-10a6-4a84-a48e-316489e272d2
01:05:48:854  INFO 10960 --- [main] com.alibaba.nacos.common.remote.client   : [3dae6fc6-10a6-4a84-a48e-316489e272d2] RpcClient init label, labels = {module=naming, source=sdk}
01:05:48:858  INFO 10960 --- [main] com.alibaba.nacos.common.remote.client   : [3dae6fc6-10a6-4a84-a48e-316489e272d2] RpcClient init, ServerListFactory = com.alibaba.nacos.client.naming.core.ServerListManager
01:05:48:858  INFO 10960 --- [main] com.alibaba.nacos.common.remote.client   : [3dae6fc6-10a6-4a84-a48e-316489e272d2] Registry connection listener to current client:com.alibaba.nacos.client.naming.remote.gprc.redo.NamingGrpcRedoService
01:05:48:859  INFO 10960 --- [main] com.alibaba.nacos.common.remote.client   : [3dae6fc6-10a6-4a84-a48e-316489e272d2] Register server push request handler:com.alibaba.nacos.client.naming.remote.gprc.NamingPushRequestHandler
01:05:48:860  INFO 10960 --- [main] com.alibaba.nacos.common.remote.client   : [3dae6fc6-10a6-4a84-a48e-316489e272d2] Try to connect to server on start up, server: {serverIp = '192.168.14.101', server main port = 8848}
01:05:49:007  INFO 10960 --- [main] com.alibaba.nacos.common.remote.client   : [3dae6fc6-10a6-4a84-a48e-316489e272d2] Success to connect to server [192.168.14.101:8848] on start up, connectionId = 1727804637443_192.168.14.1_63603
01:05:49:008  INFO 10960 --- [main] com.alibaba.nacos.common.remote.client   : [3dae6fc6-10a6-4a84-a48e-316489e272d2] Register server push request handler:com.alibaba.nacos.common.remote.client.RpcClient$ConnectResetRequestHandler
01:05:49:012  INFO 10960 --- [main] com.alibaba.nacos.common.remote.client   : [3dae6fc6-10a6-4a84-a48e-316489e272d2] Register server push request handler:com.alibaba.nacos.common.remote.client.RpcClient$$Lambda$467/0x00000008003eb040
01:05:49:008  INFO 10960 --- [com.alibaba.nacos.client.remote.worker] com.alibaba.nacos.common.remote.client   : [3dae6fc6-10a6-4a84-a48e-316489e272d2] Notify connected event to listeners.
01:05:49:533  INFO 10960 --- [nacos-grpc-client-executor-5] com.alibaba.nacos.common.remote.client   : [3dae6fc6-10a6-4a84-a48e-316489e272d2] Receive server push request, request = NotifySubscriberRequest, requestId = 214
01:05:49:537  INFO 10960 --- [nacos-grpc-client-executor-5] com.alibaba.nacos.common.remote.client   : [3dae6fc6-10a6-4a84-a48e-316489e272d2] Ack server push request, request = NotifySubscriberRequest, requestId = 214
01:05:49:937  INFO 10960 --- [main] o.s.b.web.embedded.netty.NettyWebServer  : Netty started on port 8080
01:05:52:086  INFO 10960 --- [main] c.a.c.n.registry.NacosServiceRegistry    : nacos registry, DEFAULT_GROUP gateway 10.29.124.98:8080 register finished
01:05:52:121  INFO 10960 --- [main] com.hmall.gateway.GatewayApplication     : Started GatewayApplication in 18.001 seconds (JVM running for 19.855)
01:05:52:128  INFO 10960 --- [main] c.a.c.n.refresh.NacosContextRefresher    : [Nacos Config] Listening config: dataId=gateway.yaml, group=DEFAULT_GROUP
01:05:52:167  INFO 10960 --- [main] c.a.c.n.refresh.NacosContextRefresher    : [Nacos Config] Listening config: dataId=gateway-dev.yaml, group=DEFAULT_GROUP
01:05:52:168  INFO 10960 --- [main] c.a.c.n.refresh.NacosContextRefresher    : [Nacos Config] Listening config: dataId=gateway, group=DEFAULT_GROUP
01:05:52:581  INFO 10960 --- [nacos-grpc-client-executor-9] com.alibaba.nacos.common.remote.client   : [3dae6fc6-10a6-4a84-a48e-316489e272d2] Receive server push request, request = NotifySubscriberRequest, requestId = 216
01:05:52:588  INFO 10960 --- [nacos-grpc-client-executor-9] com.alibaba.nacos.common.remote.client   : [3dae6fc6-10a6-4a84-a48e-316489e272d2] Ack server push request, request = NotifySubscriberRequest, requestId = 216
01:06:38:713  WARN 10960 --- [Thread-1] c.a.n.common.http.HttpClientBeanHolder   : [HttpClientBeanHolder] Start destroying common HttpClient
01:06:38:713  WARN 10960 --- [Thread-5] c.a.nacos.common.notify.NotifyCenter     : [NotifyCenter] Start destroying Publisher
01:06:38:714  WARN 10960 --- [Thread-5] c.a.nacos.common.notify.NotifyCenter     : [NotifyCenter] Destruction of the end
01:06:38:715  WARN 10960 --- [Thread-1] c.a.n.common.http.HttpClientBeanHolder   : [HttpClientBeanHolder] Destruction of the end
01:06:38:741  INFO 10960 --- [SpringApplicationShutdownHook] c.a.c.n.registry.NacosServiceRegistry    : De-registering from Nacos Server now...
01:06:38:751  INFO 10960 --- [SpringApplicationShutdownHook] c.a.c.n.registry.NacosServiceRegistry    : De-registration finished.
01:06:39:079  INFO 10960 --- [SpringApplicationShutdownHook] com.alibaba.nacos.common.remote.client   : Shutdown rpc client, set status to shutdown
01:06:39:079  INFO 10960 --- [SpringApplicationShutdownHook] com.alibaba.nacos.common.remote.client   : Shutdown client event executor java.util.concurrent.ScheduledThreadPoolExecutor@b4277cb[Running, pool size = 2, active threads = 2, queued tasks = 0, completed tasks = 0]
01:06:39:079  INFO 10960 --- [SpringApplicationShutdownHook] com.alibaba.nacos.common.remote.client   : Close current connection 1727804637443_192.168.14.1_63603
01:06:39:082  INFO 10960 --- [nacos-grpc-client-executor-21] c.a.n.c.remote.client.grpc.GrpcClient    : [1727804637443_192.168.14.1_63603]Ignore complete event,isRunning:false,isAbandon=false
01:06:39:089  INFO 10960 --- [SpringApplicationShutdownHook] c.a.n.c.remote.client.grpc.GrpcClient    : Shutdown grpc executor java.util.concurrent.ThreadPoolExecutor@3afb672b[Running, pool size = 5, active threads = 0, queued tasks = 0, completed tasks = 22]
01:07:06:516  INFO 26612 --- [main] com.hmall.gateway.GatewayApplication     : The following 1 profile is active: "local"
01:07:07:548  INFO 26612 --- [main] o.s.cloud.context.scope.GenericScope     : BeanFactory id=f7a1f3fc-8b6f-3294-a68d-9a6f31dd329d
01:07:07:631  INFO 26612 --- [main] trationDelegate$BeanPostProcessorChecker : Bean 'org.springframework.cloud.client.loadbalancer.reactive.LoadBalancerBeanPostProcessorAutoConfiguration' of type [org.springframework.cloud.client.loadbalancer.reactive.LoadBalancerBeanPostProcessorAutoConfiguration] is not eligible for getting processed by all BeanPostProcessors (for example: not eligible for auto-proxying)
01:07:07:632  INFO 26612 --- [main] trationDelegate$BeanPostProcessorChecker : Bean 'org.springframework.cloud.client.loadbalancer.reactive.LoadBalancerBeanPostProcessorAutoConfiguration$ReactorDeferringLoadBalancerFilterConfig' of type [org.springframework.cloud.client.loadbalancer.reactive.LoadBalancerBeanPostProcessorAutoConfiguration$ReactorDeferringLoadBalancerFilterConfig] is not eligible for getting processed by all BeanPostProcessors (for example: not eligible for auto-proxying)
01:07:07:634  INFO 26612 --- [main] trationDelegate$BeanPostProcessorChecker : Bean 'reactorDeferringLoadBalancerExchangeFilterFunction' of type [org.springframework.cloud.client.loadbalancer.reactive.DeferringLoadBalancerExchangeFilterFunction] is not eligible for getting processed by all BeanPostProcessors (for example: not eligible for auto-proxying)
01:07:08:595 DEBUG 26612 --- [main] c.h.gateway.routers.DynamicRouteLoader   : 监听到路由配置信息: [
    {
        "id": "item",
        "predicates": [{
            "name": "Path",
            "args": {"_genkey_0":"/items/**", "_genkey_1":"/search/**"}
        }],
        "filters": [],
        "uri": "lb://item-service"
    },
    {
        "id": "cart",
        "predicates": [{
            "name": "Path",
            "args": {"_genkey_0":"/carts/**"}
        }],
        "filters": [],
        "uri": "lb://cart-service"
    },
    {
        "id": "user",
        "predicates": [{
            "name": "Path",
            "args": {"_genkey_0":"/users/**", "_genkey_1":"/addresses/**"}
        }],
        "filters": [],
        "uri": "lb://user-service"
    },
    {
        "id": "trade",
        "predicates": [{
            "name": "Path",
            "args": {"_genkey_0":"/orders/**"}
        }],
        "filters": [],
        "uri": "lb://trade-service"
    },
    {
        "id": "pay",
        "predicates": [{
            "name": "Path",
            "args": {"_genkey_0":"/pay-orders/**"}
        }],
        "filters": [],
        "uri": "lb://pay-service"
    }
]
01:07:10:826  INFO 26612 --- [main] o.s.c.g.r.RouteDefinitionRouteLocator    : Loaded RoutePredicateFactory [After]
01:07:10:826  INFO 26612 --- [main] o.s.c.g.r.RouteDefinitionRouteLocator    : Loaded RoutePredicateFactory [Before]
01:07:10:827  INFO 26612 --- [main] o.s.c.g.r.RouteDefinitionRouteLocator    : Loaded RoutePredicateFactory [Between]
01:07:10:827  INFO 26612 --- [main] o.s.c.g.r.RouteDefinitionRouteLocator    : Loaded RoutePredicateFactory [Cookie]
01:07:10:828  INFO 26612 --- [main] o.s.c.g.r.RouteDefinitionRouteLocator    : Loaded RoutePredicateFactory [Header]
01:07:10:828  INFO 26612 --- [main] o.s.c.g.r.RouteDefinitionRouteLocator    : Loaded RoutePredicateFactory [Host]
01:07:10:828  INFO 26612 --- [main] o.s.c.g.r.RouteDefinitionRouteLocator    : Loaded RoutePredicateFactory [Method]
01:07:10:828  INFO 26612 --- [main] o.s.c.g.r.RouteDefinitionRouteLocator    : Loaded RoutePredicateFactory [Path]
01:07:10:828  INFO 26612 --- [main] o.s.c.g.r.RouteDefinitionRouteLocator    : Loaded RoutePredicateFactory [Query]
01:07:10:829  INFO 26612 --- [main] o.s.c.g.r.RouteDefinitionRouteLocator    : Loaded RoutePredicateFactory [ReadBody]
01:07:10:829  INFO 26612 --- [main] o.s.c.g.r.RouteDefinitionRouteLocator    : Loaded RoutePredicateFactory [RemoteAddr]
01:07:10:829  INFO 26612 --- [main] o.s.c.g.r.RouteDefinitionRouteLocator    : Loaded RoutePredicateFactory [XForwardedRemoteAddr]
01:07:10:829  INFO 26612 --- [main] o.s.c.g.r.RouteDefinitionRouteLocator    : Loaded RoutePredicateFactory [Weight]
01:07:10:829  INFO 26612 --- [main] o.s.c.g.r.RouteDefinitionRouteLocator    : Loaded RoutePredicateFactory [CloudFoundryRouteService]
01:07:12:037  INFO 26612 --- [main] com.alibaba.nacos.common.remote.client   : [RpcClientFactory] create a new rpc client of 1f59a002-2cc1-4219-a67d-f0bb4fe58f19
01:07:12:038  INFO 26612 --- [main] com.alibaba.nacos.common.remote.client   : [1f59a002-2cc1-4219-a67d-f0bb4fe58f19] RpcClient init label, labels = {module=naming, source=sdk}
01:07:12:041  INFO 26612 --- [main] com.alibaba.nacos.common.remote.client   : [1f59a002-2cc1-4219-a67d-f0bb4fe58f19] RpcClient init, ServerListFactory = com.alibaba.nacos.client.naming.core.ServerListManager
01:07:12:041  INFO 26612 --- [main] com.alibaba.nacos.common.remote.client   : [1f59a002-2cc1-4219-a67d-f0bb4fe58f19] Registry connection listener to current client:com.alibaba.nacos.client.naming.remote.gprc.redo.NamingGrpcRedoService
01:07:12:042  INFO 26612 --- [main] com.alibaba.nacos.common.remote.client   : [1f59a002-2cc1-4219-a67d-f0bb4fe58f19] Register server push request handler:com.alibaba.nacos.client.naming.remote.gprc.NamingPushRequestHandler
01:07:12:042  INFO 26612 --- [main] com.alibaba.nacos.common.remote.client   : [1f59a002-2cc1-4219-a67d-f0bb4fe58f19] Try to connect to server on start up, server: {serverIp = '192.168.14.101', server main port = 8848}
01:07:12:172  INFO 26612 --- [main] com.alibaba.nacos.common.remote.client   : [1f59a002-2cc1-4219-a67d-f0bb4fe58f19] Success to connect to server [192.168.14.101:8848] on start up, connectionId = 1727804727551_192.168.14.1_64207
01:07:12:174  INFO 26612 --- [main] com.alibaba.nacos.common.remote.client   : [1f59a002-2cc1-4219-a67d-f0bb4fe58f19] Register server push request handler:com.alibaba.nacos.common.remote.client.RpcClient$ConnectResetRequestHandler
01:07:12:176  INFO 26612 --- [main] com.alibaba.nacos.common.remote.client   : [1f59a002-2cc1-4219-a67d-f0bb4fe58f19] Register server push request handler:com.alibaba.nacos.common.remote.client.RpcClient$$Lambda$467/0x00000008003eb040
01:07:12:174  INFO 26612 --- [com.alibaba.nacos.client.remote.worker] com.alibaba.nacos.common.remote.client   : [1f59a002-2cc1-4219-a67d-f0bb4fe58f19] Notify connected event to listeners.
01:07:12:758  INFO 26612 --- [nacos-grpc-client-executor-4] com.alibaba.nacos.common.remote.client   : [1f59a002-2cc1-4219-a67d-f0bb4fe58f19] Receive server push request, request = NotifySubscriberRequest, requestId = 221
01:07:12:763  INFO 26612 --- [nacos-grpc-client-executor-4] com.alibaba.nacos.common.remote.client   : [1f59a002-2cc1-4219-a67d-f0bb4fe58f19] Ack server push request, request = NotifySubscriberRequest, requestId = 221
01:07:13:017  INFO 26612 --- [main] o.s.b.web.embedded.netty.NettyWebServer  : Netty started on port 8080
01:07:14:636  INFO 26612 --- [main] c.a.c.n.registry.NacosServiceRegistry    : nacos registry, DEFAULT_GROUP gateway 10.29.124.98:8080 register finished
01:07:14:664  INFO 26612 --- [main] com.hmall.gateway.GatewayApplication     : Started GatewayApplication in 15.212 seconds (JVM running for 17.219)
01:07:14:669  INFO 26612 --- [main] c.a.c.n.refresh.NacosContextRefresher    : [Nacos Config] Listening config: dataId=gateway.yaml, group=DEFAULT_GROUP
01:07:14:672  INFO 26612 --- [main] c.a.c.n.refresh.NacosContextRefresher    : [Nacos Config] Listening config: dataId=gateway, group=DEFAULT_GROUP
01:07:14:673  INFO 26612 --- [main] c.a.c.n.refresh.NacosContextRefresher    : [Nacos Config] Listening config: dataId=gateway-local.yaml, group=DEFAULT_GROUP
01:07:15:161  INFO 26612 --- [nacos-grpc-client-executor-7] com.alibaba.nacos.common.remote.client   : [1f59a002-2cc1-4219-a67d-f0bb4fe58f19] Receive server push request, request = NotifySubscriberRequest, requestId = 222
01:07:15:168  INFO 26612 --- [nacos-grpc-client-executor-7] com.alibaba.nacos.common.remote.client   : [1f59a002-2cc1-4219-a67d-f0bb4fe58f19] Ack server push request, request = NotifySubscriberRequest, requestId = 222
01:08:48:573  INFO 26612 --- [nacos-grpc-client-executor-28] com.alibaba.nacos.common.remote.client   : [1f59a002-2cc1-4219-a67d-f0bb4fe58f19] Receive server push request, request = NotifySubscriberRequest, requestId = 227
01:08:48:575  INFO 26612 --- [nacos-grpc-client-executor-28] com.alibaba.nacos.common.remote.client   : [1f59a002-2cc1-4219-a67d-f0bb4fe58f19] Ack server push request, request = NotifySubscriberRequest, requestId = 227
01:09:00:210  INFO 26612 --- [nacos-grpc-client-executor-32] com.alibaba.nacos.common.remote.client   : [1f59a002-2cc1-4219-a67d-f0bb4fe58f19] Receive server push request, request = NotifySubscriberRequest, requestId = 228
01:09:00:211  INFO 26612 --- [nacos-grpc-client-executor-32] com.alibaba.nacos.common.remote.client   : [1f59a002-2cc1-4219-a67d-f0bb4fe58f19] Ack server push request, request = NotifySubscriberRequest, requestId = 228
01:09:31:360  INFO 26612 --- [nacos-grpc-client-executor-41] com.alibaba.nacos.common.remote.client   : [1f59a002-2cc1-4219-a67d-f0bb4fe58f19] Receive server push request, request = NotifySubscriberRequest, requestId = 229
01:09:31:362  INFO 26612 --- [nacos-grpc-client-executor-41] com.alibaba.nacos.common.remote.client   : [1f59a002-2cc1-4219-a67d-f0bb4fe58f19] Ack server push request, request = NotifySubscriberRequest, requestId = 229
01:10:18:029  INFO 26612 --- [nacos-grpc-client-executor-53] com.alibaba.nacos.common.remote.client   : [1f59a002-2cc1-4219-a67d-f0bb4fe58f19] Receive server push request, request = NotifySubscriberRequest, requestId = 231
01:10:18:030  INFO 26612 --- [nacos-grpc-client-executor-53] com.alibaba.nacos.common.remote.client   : [1f59a002-2cc1-4219-a67d-f0bb4fe58f19] Ack server push request, request = NotifySubscriberRequest, requestId = 231
